
> gilded-frontend@0.0.0 dev
> ng serve --port 4202 --host 127.0.0.1

[33m❯[39m Building...
[32m✔[39m Building...
[1mInitial chunk files[22m[2m | [22m[1mNames[22m                       [2m | [22m [1mRaw size[22m
[32mstyles.css[39m         [2m | [22m[2mstyles[22m                      [2m | [22m[36m114.36 kB[39m[2m | [22m
[32mmain.js[39m            [2m | [22m[2mmain[22m                        [2m | [22m [36m17.50 kB[39m[2m | [22m
[32mchunk-Y5RQAIA6.js[39m  [2m | [22m[2m-[22m                           [2m | [22m  [36m1.50 kB[39m[2m | [22m
[32mpolyfills.js[39m       [2m | [22m[2mpolyfills[22m                   [2m | [22m [36m95 bytes[39m[2m | [22m

[1m [22m                  [2m | [22m[1mInitial total[22m               [2m | [22m[1m133.46 kB[22m

[1mLazy chunk files[22m   [2m | [22m[1mNames[22m                       [2m | [22m [1mRaw size[22m
[32mchunk-MXSF6ZJM.js[39m  [2m | [22m[2mcounsellor-profile-component[22m[2m | [22m [36m56.51 kB[39m[2m | [22m
[32mchunk-GN35SJMQ.js[39m  [2m | [22m[2mshortlist-component[22m         [2m | [22m [36m32.73 kB[39m[2m | [22m
[32mchunk-PTIHRQKS.js[39m  [2m | [22m[2mnotes-component[22m             [2m | [22m [36m30.19 kB[39m[2m | [22m
[32mchunk-QWXML33Z.js[39m  [2m | [22m[2mspouse-settings-component[22m   [2m | [22m [36m22.72 kB[39m[2m | [22m
[32mchunk-E6Q5F6KV.js[39m  [2m | [22m[2msearch-component[22m            [2m | [22m [36m20.79 kB[39m[2m | [22m
[32mchunk-BLHRSMGK.js[39m  [2m | [22m[2madd-counsellor-component[22m    [2m | [22m [36m18.69 kB[39m[2m | [22m
[32mchunk-FRHHZXXY.js[39m  [2m | [22m[2mmoderation-queue-component[22m  [2m | [22m [36m17.41 kB[39m[2m | [22m
[32mchunk-C7RTT6ZU.js[39m  [2m | [22m[2msignup-component[22m            [2m | [22m [36m15.66 kB[39m[2m | [22m
[32mchunk-UCPCJEBU.js[39m  [2m | [22m[2mreset-request-component[22m     [2m | [22m [36m12.36 kB[39m[2m | [22m
[32mchunk-3Z6PX235.js[39m  [2m | [22m[2mreset-complete-component[22m    [2m | [22m [36m11.27 kB[39m[2m | [22m
[32mchunk-F6J3D3N3.js[39m  [2m | [22m[2mlogin-component[22m             [2m | [22m [36m10.33 kB[39m[2m | [22m
[32mchunk-NLNPOVS4.js[39m  [2m | [22m[2m-[22m                           [2m | [22m  [36m5.11 kB[39m[2m | [22m
[32mchunk-26CWWUQA.js[39m  [2m | [22m[2m-[22m                           [2m | [22m[36m299 bytes[39m[2m | [22m

Application bundle generation complete. [7.212 seconds] - 2026-04-20T00:34:44.273Z

Watch mode enabled. Watching for file changes...
NOTE: Raw file sizes do not reflect development server per-request transformations.
[2m8:34:44 p.m.[22m [36m[1m[vite][22m[39m [34m[2m(ssr)[22m[39m Re-optimizing dependencies because lockfile has changed
  [32m➜[39m  [1mLocal[22m:   [36mhttp://127.0.0.1:[1m4202[22m/[39m
[2m[32m  ➜[39m[22m[2m  press [22m[1mh + enter[22m[2m to show help[22m
